# JRE version: OpenJDK Runtime Environment Temurin-21.0.6+7 (21.0.6+7) (build 21.0.6+7-LTS)
# Java VM: OpenJDK 64-Bit Server VM Temurin-21.0.6+7 (21.0.6+7-LTS, mixed mode, sharing, tiered, compressed oops, compressed class ptrs, parallel gc, windows-amd64)
GC Precious Log:
 CardTable entry size: 512
 CPUs: 12 total, 12 available
 Memory: 16215M
 Large Page Support: Disabled
 NUMA Support: Disabled
 Compressed Oops: Enabled (32-bit)
 Alignments: Space 512K, Generation 512K, Heap 2M
 Heap Min Capacity: 100M
 Heap Initial Capacity: 100M
 Heap Max Capacity: 1G
 Pre-touch: Disabled
 Parallel Workers: 10
Heap:
 PSYoungGen      total 21504K, used 3556K [0x00000000eab00000, 0x00000000ec380000, 0x0000000100000000)
  eden space 17920K, 0% used [0x00000000eab00000,0x00000000eab00000,0x00000000ebc80000)
  from space 3584K, 99% used [0x00000000ebc80000,0x00000000ebff91e8,0x00000000ec000000)
  to   space 3584K, 0% used [0x00000000ec000000,0x00000000ec000000,0x00000000ec380000)
 ParOldGen       total 74240K, used 73925K [0x00000000c0000000, 0x00000000c4880000, 0x00000000eab00000)
  object space 74240K, 99% used [0x00000000c0000000,0x00000000c48317c8,0x00000000c4880000)
 Metaspace       used 51083K, committed 52416K, reserved 1114112K
  class space    used 5430K, committed 6016K, reserved 1048576K
GC Heap History (20 events):
Event: 5.768 GC heap after
{Heap after GC invocations=29 (full 2):
 PSYoungGen      total 20992K, used 2954K [0x00000000eab00000, 0x00000000ec380000, 0x0000000100000000)
  eden space 17920K, 0% used [0x00000000eab00000,0x00000000eab00000,0x00000000ebc80000)
  from space 3072K, 96% used [0x00000000ebd00000,0x00000000ebfe28f0,0x00000000ec000000)
  to   space 3584K, 0% used [0x00000000ec000000,0x00000000ec000000,0x00000000ec380000)
 ParOldGen       total 68608K, used 44314K [0x00000000c0000000, 0x00000000c4300000, 0x00000000eab00000)
  object space 68608K, 64% used [0x00000000c0000000,0x00000000c2b46bb8,0x00000000c4300000)
 Metaspace       used 44934K, committed 46208K, reserved 1114112K
  class space    used 4633K, committed 5184K, reserved 1048576K
}
Event: 5.840 GC heap before
{Heap before GC invocations=30 (full 2):
 PSYoungGen      total 20992K, used 20874K [0x00000000eab00000, 0x00000000ec380000, 0x0000000100000000)
  eden space 17920K, 100% used [0x00000000eab00000,0x00000000ebc80000,0x00000000ebc80000)
  from space 3072K, 96% used [0x00000000ebd00000,0x00000000ebfe28f0,0x00000000ec000000)
  to   space 3584K, 0% used [0x00000000ec000000,0x00000000ec000000,0x00000000ec380000)
 ParOldGen       total 68608K, used 44314K [0x00000000c0000000, 0x00000000c4300000, 0x00000000eab00000)
  object space 68608K, 64% used [0x00000000c0000000,0x00000000c2b46bb8,0x00000000c4300000)
 Metaspace       used 46039K, committed 47360K, reserved 1114112K
  class space    used 4771K, committed 5376K, reserved 1048576K
}
Event: 5.842 GC heap after
{Heap after GC invocations=30 (full 2):
 PSYoungGen      total 20992K, used 2563K [0x00000000eab00000, 0x00000000ec300000, 0x0000000100000000)
  eden space 17920K, 0% used [0x00000000eab00000,0x00000000eab00000,0x00000000ebc80000)
  from space 3072K, 83% used [0x00000000ec000000,0x00000000ec280f68,0x00000000ec300000)
  to   space 3072K, 0% used [0x00000000ebd00000,0x00000000ebd00000,0x00000000ec000000)
 ParOldGen       total 68608K, used 47027K [0x00000000c0000000, 0x00000000c4300000, 0x00000000eab00000)
  object space 68608K, 68% used [0x00000000c0000000,0x00000000c2decc10,0x00000000c4300000)
 Metaspace       used 46039K, committed 47360K, reserved 1114112K
  class space    used 4771K, committed 5376K, reserved 1048576K
}
Event: 5.944 GC heap before
{Heap before GC invocations=31 (full 2):
 PSYoungGen      total 20992K, used 20483K [0x00000000eab00000, 0x00000000ec300000, 0x0000000100000000)
  eden space 17920K, 100% used [0x00000000eab00000,0x00000000ebc80000,0x00000000ebc80000)
  from space 3072K, 83% used [0x00000000ec000000,0x00000000ec280f68,0x00000000ec300000)
  to   space 3072K, 0% used [0x00000000ebd00000,0x00000000ebd00000,0x00000000ec000000)
 ParOldGen       total 68608K, used 47027K [0x00000000c0000000, 0x00000000c4300000, 0x00000000eab00000)
  object space 68608K, 68% used [0x00000000c0000000,0x00000000c2decc10,0x00000000c4300000)
 Metaspace       used 46526K, committed 47744K, reserved 1114112K
  class space    used 4833K, committed 5376K, reserved 1048576K
}
Event: 5.947 GC heap after
{Heap after GC invocations=31 (full 2):
 PSYoungGen      total 20992K, used 3071K [0x00000000eab00000, 0x00000000ec980000, 0x0000000100000000)
  eden space 17920K, 0% used [0x00000000eab00000,0x00000000eab00000,0x00000000ebc80000)
  from space 3072K, 99% used [0x00000000ebd00000,0x00000000ebfffd68,0x00000000ec000000)
  to   space 6656K, 0% used [0x00000000ec300000,0x00000000ec300000,0x00000000ec980000)
 ParOldGen       total 68608K, used 49657K [0x00000000c0000000, 0x00000000c4300000, 0x00000000eab00000)
  object space 68608K, 72% used [0x00000000c0000000,0x00000000c307e440,0x00000000c4300000)
 Metaspace       used 46526K, committed 47744K, reserved 1114112K
  class space    used 4833K, committed 5376K, reserved 1048576K
}
Event: 6.139 GC heap before
{Heap before GC invocations=32 (full 2):
 PSYoungGen      total 20992K, used 20991K [0x00000000eab00000, 0x00000000ec980000, 0x0000000100000000)
  eden space 17920K, 100% used [0x00000000eab00000,0x00000000ebc80000,0x00000000ebc80000)
  from space 3072K, 99% used [0x00000000ebd00000,0x00000000ebfffd68,0x00000000ec000000)
  to   space 6656K, 0% used [0x00000000ec300000,0x00000000ec300000,0x00000000ec980000)
 ParOldGen       total 68608K, used 49657K [0x00000000c0000000, 0x00000000c4300000, 0x00000000eab00000)
  object space 68608K, 72% used [0x00000000c0000000,0x00000000c307e440,0x00000000c4300000)
 Metaspace       used 47432K, committed 48704K, reserved 1114112K
  class space    used 4946K, committed 5504K, reserved 1048576K
}
Event: 6.144 GC heap after
{Heap after GC invocations=32 (full 2):
 PSYoungGen      total 21504K, used 3394K [0x00000000eab00000, 0x00000000ec680000, 0x0000000100000000)
  eden space 17920K, 0% used [0x00000000eab00000,0x00000000eab00000,0x00000000ebc80000)
  from space 3584K, 94% used [0x00000000ec300000,0x00000000ec650b80,0x00000000ec680000)
  to   space 4608K, 0% used [0x00000000ebd80000,0x00000000ebd80000,0x00000000ec200000)
 ParOldGen       total 68608K, used 52526K [0x00000000c0000000, 0x00000000c4300000, 0x00000000eab00000)
  object space 68608K, 76% used [0x00000000c0000000,0x00000000c334b938,0x00000000c4300000)
 Metaspace       used 47432K, committed 48704K, reserved 1114112K
  class space    used 4946K, committed 5504K, reserved 1048576K
}
Event: 6.441 GC heap before
{Heap before GC invocations=33 (full 2):
 PSYoungGen      total 21504K, used 21314K [0x00000000eab00000, 0x00000000ec680000, 0x0000000100000000)
  eden space 17920K, 100% used [0x00000000eab00000,0x00000000ebc80000,0x00000000ebc80000)
  from space 3584K, 94% used [0x00000000ec300000,0x00000000ec650b80,0x00000000ec680000)
  to   space 4608K, 0% used [0x00000000ebd80000,0x00000000ebd80000,0x00000000ec200000)
 ParOldGen       total 68608K, used 52526K [0x00000000c0000000, 0x00000000c4300000, 0x00000000eab00000)
  object space 68608K, 76% used [0x00000000c0000000,0x00000000c334b938,0x00000000c4300000)
 Metaspace       used 48396K, committed 49664K, reserved 1114112K
  class space    used 5080K, committed 5632K, reserved 1048576K
}
Event: 6.446 GC heap after
{Heap after GC invocations=33 (full 2):
 PSYoungGen      total 20992K, used 3053K [0x00000000eab00000, 0x00000000ec380000, 0x0000000100000000)
  eden space 17920K, 0% used [0x00000000eab00000,0x00000000eab00000,0x00000000ebc80000)
  from space 3072K, 99% used [0x00000000ebd80000,0x00000000ec07b6b0,0x00000000ec080000)
  to   space 3072K, 0% used [0x00000000ec080000,0x00000000ec080000,0x00000000ec380000)
 ParOldGen       total 68608K, used 55751K [0x00000000c0000000, 0x00000000c4300000, 0x00000000eab00000)
  object space 68608K, 81% used [0x00000000c0000000,0x00000000c3671cd8,0x00000000c4300000)
 Metaspace       used 48396K, committed 49664K, reserved 1114112K
  class space    used 5080K, committed 5632K, reserved 1048576K
}
Event: 6.610 GC heap before
{Heap before GC invocations=34 (full 2):
 PSYoungGen      total 20992K, used 20973K [0x00000000eab00000, 0x00000000ec380000, 0x0000000100000000)
  eden space 17920K, 100% used [0x00000000eab00000,0x00000000ebc80000,0x00000000ebc80000)
  from space 3072K, 99% used [0x00000000ebd80000,0x00000000ec07b6b0,0x00000000ec080000)
  to   space 3072K, 0% used [0x00000000ec080000,0x00000000ec080000,0x00000000ec380000)
 ParOldGen       total 68608K, used 55751K [0x00000000c0000000, 0x00000000c4300000, 0x00000000eab00000)
  object space 68608K, 81% used [0x00000000c0000000,0x00000000c3671cd8,0x00000000c4300000)
 Metaspace       used 49371K, committed 50688K, reserved 1114112K
  class space    used 5201K, committed 5824K, reserved 1048576K
}
Event: 6.614 GC heap after
{Heap after GC invocations=34 (full 2):
 PSYoungGen      total 20992K, used 3053K [0x00000000eab00000, 0x00000000ec380000, 0x0000000100000000)
  eden space 17920K, 0% used [0x00000000eab00000,0x00000000eab00000,0x00000000ebc80000)
  from space 3072K, 99% used [0x00000000ec080000,0x00000000ec37b780,0x00000000ec380000)
  to   space 3584K, 0% used [0x00000000ebc80000,0x00000000ebc80000,0x00000000ec000000)
 ParOldGen       total 68608K, used 58522K [0x00000000c0000000, 0x00000000c4300000, 0x00000000eab00000)
  object space 68608K, 85% used [0x00000000c0000000,0x00000000c3926830,0x00000000c4300000)
 Metaspace       used 49371K, committed 50688K, reserved 1114112K
  class space    used 5201K, committed 5824K, reserved 1048576K
}
Event: 7.706 GC heap before
{Heap before GC invocations=35 (full 2):
 PSYoungGen      total 20992K, used 20973K [0x00000000eab00000, 0x00000000ec380000, 0x0000000100000000)
  eden space 17920K, 100% used [0x00000000eab00000,0x00000000ebc80000,0x00000000ebc80000)
  from space 3072K, 99% used [0x00000000ec080000,0x00000000ec37b780,0x00000000ec380000)
  to   space 3584K, 0% used [0x00000000ebc80000,0x00000000ebc80000,0x00000000ec000000)
 ParOldGen       total 68608K, used 58522K [0x00000000c0000000, 0x00000000c4300000, 0x00000000eab00000)
  object space 68608K, 85% used [0x00000000c0000000,0x00000000c3926830,0x00000000c4300000)
 Metaspace       used 50072K, committed 51456K, reserved 1114112K
  class space    used 5285K, committed 5888K, reserved 1048576K
}
Event: 7.709 GC heap after
{Heap after GC invocations=35 (full 2):
 PSYoungGen      total 21504K, used 3482K [0x00000000eab00000, 0x00000000ec380000, 0x0000000100000000)
  eden space 17920K, 0% used [0x00000000eab00000,0x00000000eab00000,0x00000000ebc80000)
  from space 3584K, 97% used [0x00000000ebc80000,0x00000000ebfe69a8,0x00000000ec000000)
  to   space 3584K, 0% used [0x00000000ec000000,0x00000000ec000000,0x00000000ec380000)
 ParOldGen       total 68608K, used 61216K [0x00000000c0000000, 0x00000000c4300000, 0x00000000eab00000)
  object space 68608K, 89% used [0x00000000c0000000,0x00000000c3bc81e8,0x00000000c4300000)
 Metaspace       used 50072K, committed 51456K, reserved 1114112K
  class space    used 5285K, committed 5888K, reserved 1048576K
}
Event: 7.902 GC heap before
{Heap before GC invocations=36 (full 2):
 PSYoungGen      total 21504K, used 21402K [0x00000000eab00000, 0x00000000ec380000, 0x0000000100000000)
  eden space 17920K, 99% used [0x00000000eab00000,0x00000000ebc7ffc0,0x00000000ebc80000)
  from space 3584K, 97% used [0x00000000ebc80000,0x00000000ebfe69a8,0x00000000ec000000)
  to   space 3584K, 0% used [0x00000000ec000000,0x00000000ec000000,0x00000000ec380000)
 ParOldGen       total 68608K, used 61216K [0x00000000c0000000, 0x00000000c4300000, 0x00000000eab00000)
  object space 68608K, 89% used [0x00000000c0000000,0x00000000c3bc81e8,0x00000000c4300000)
 Metaspace       used 50682K, committed 52032K, reserved 1114112K
  class space    used 5363K, committed 5952K, reserved 1048576K
}
Event: 7.907 GC heap after
{Heap after GC invocations=36 (full 2):
 PSYoungGen      total 21504K, used 2996K [0x00000000eab00000, 0x00000000ec380000, 0x0000000100000000)
  eden space 17920K, 0% used [0x00000000eab00000,0x00000000eab00000,0x00000000ebc80000)
  from space 3584K, 83% used [0x00000000ec000000,0x00000000ec2ed3b8,0x00000000ec380000)
  to   space 3584K, 0% used [0x00000000ebc80000,0x00000000ebc80000,0x00000000ec000000)
 ParOldGen       total 68608K, used 64420K [0x00000000c0000000, 0x00000000c4300000, 0x00000000eab00000)
  object space 68608K, 93% used [0x00000000c0000000,0x00000000c3ee9080,0x00000000c4300000)
 Metaspace       used 50682K, committed 52032K, reserved 1114112K
  class space    used 5363K, committed 5952K, reserved 1048576K
}
Event: 8.038 GC heap before
{Heap before GC invocations=37 (full 2):
 PSYoungGen      total 21504K, used 20916K [0x00000000eab00000, 0x00000000ec380000, 0x0000000100000000)
  eden space 17920K, 100% used [0x00000000eab00000,0x00000000ebc80000,0x00000000ebc80000)
  from space 3584K, 83% used [0x00000000ec000000,0x00000000ec2ed3b8,0x00000000ec380000)
  to   space 3584K, 0% used [0x00000000ebc80000,0x00000000ebc80000,0x00000000ec000000)
 ParOldGen       total 68608K, used 64420K [0x00000000c0000000, 0x00000000c4300000, 0x00000000eab00000)
  object space 68608K, 93% used [0x00000000c0000000,0x00000000c3ee9080,0x00000000c4300000)
 Metaspace       used 50784K, committed 52160K, reserved 1114112K
  class space    used 5394K, committed 6016K, reserved 1048576K
}
Event: 8.042 GC heap after
{Heap after GC invocations=37 (full 2):
 PSYoungGen      total 21504K, used 3237K [0x00000000eab00000, 0x00000000ec380000, 0x0000000100000000)
  eden space 17920K, 0% used [0x00000000eab00000,0x00000000eab00000,0x00000000ebc80000)
  from space 3584K, 90% used [0x00000000ebc80000,0x00000000ebfa9550,0x00000000ec000000)
  to   space 3584K, 0% used [0x00000000ec000000,0x00000000ec000000,0x00000000ec380000)
 ParOldGen       total 68608K, used 67156K [0x00000000c0000000, 0x00000000c4300000, 0x00000000eab00000)
  object space 68608K, 97% used [0x00000000c0000000,0x00000000c4195148,0x00000000c4300000)
 Metaspace       used 50784K, committed 52160K, reserved 1114112K
  class space    used 5394K, committed 6016K, reserved 1048576K
}
Event: 8.266 GC heap before
{Heap before GC invocations=38 (full 2):
 PSYoungGen      total 21504K, used 21157K [0x00000000eab00000, 0x00000000ec380000, 0x0000000100000000)
  eden space 17920K, 100% used [0x00000000eab00000,0x00000000ebc80000,0x00000000ebc80000)
  from space 3584K, 90% used [0x00000000ebc80000,0x00000000ebfa9550,0x00000000ec000000)
  to   space 3584K, 0% used [0x00000000ec000000,0x00000000ec000000,0x00000000ec380000)
 ParOldGen       total 68608K, used 67156K [0x00000000c0000000, 0x00000000c4300000, 0x00000000eab00000)
  object space 68608K, 97% used [0x00000000c0000000,0x00000000c4195148,0x00000000c4300000)
 Metaspace       used 50931K, committed 52288K, reserved 1114112K
  class space    used 5421K, committed 6016K, reserved 1048576K
}
Event: 10.281 GC heap after
{Heap after GC invocations=38 (full 2):
 PSYoungGen      total 21504K, used 3553K [0x00000000eab00000, 0x00000000ec380000, 0x0000000100000000)
  eden space 17920K, 0% used [0x00000000eab00000,0x00000000eab00000,0x00000000ebc80000)
  from space 3584K, 99% used [0x00000000ec000000,0x00000000ec378508,0x00000000ec380000)
  to   space 3584K, 0% used [0x00000000ebc80000,0x00000000ebc80000,0x00000000ec000000)
 ParOldGen       total 70656K, used 70176K [0x00000000c0000000, 0x00000000c4500000, 0x00000000eab00000)
  object space 70656K, 99% used [0x00000000c0000000,0x00000000c4488088,0x00000000c4500000)
 Metaspace       used 50931K, committed 52288K, reserved 1114112K
  class space    used 5421K, committed 6016K, reserved 1048576K
}
Event: 10.334 GC heap before
{Heap before GC invocations=39 (full 2):
 PSYoungGen      total 21504K, used 21473K [0x00000000eab00000, 0x00000000ec380000, 0x0000000100000000)
  eden space 17920K, 100% used [0x00000000eab00000,0x00000000ebc80000,0x00000000ebc80000)
  from space 3584K, 99% used [0x00000000ec000000,0x00000000ec378508,0x00000000ec380000)
  to   space 3584K, 0% used [0x00000000ebc80000,0x00000000ebc80000,0x00000000ec000000)
 ParOldGen       total 70656K, used 70176K [0x00000000c0000000, 0x00000000c4500000, 0x00000000eab00000)
  object space 70656K, 99% used [0x00000000c0000000,0x00000000c4488088,0x00000000c4500000)
 Metaspace       used 51083K, committed 52416K, reserved 1114112K
  class space    used 5430K, committed 6016K, reserved 1048576K
}

