# JRE version: OpenJDK Runtime Environment Temurin-21.0.6+7 (21.0.6+7) (build 21.0.6+7-LTS)
# Java VM: OpenJDK 64-Bit Server VM Temurin-21.0.6+7 (21.0.6+7-LTS, mixed mode, sharing, tiered, compressed oops, compressed class ptrs, parallel gc, windows-amd64)
GC Precious Log:
 CardTable entry size: 512
 CPUs: 12 total, 12 available
 Memory: 16215M
 Large Page Support: Disabled
 NUMA Support: Disabled
 Compressed Oops: Enabled (32-bit)
 Alignments: Space 512K, Generation 512K, Heap 2M
 Heap Min Capacity: 100M
 Heap Initial Capacity: 100M
 Heap Max Capacity: 1G
 Pre-touch: Disabled
 Parallel Workers: 10
Heap:
 PSYoungGen      total 6144K, used 6144K [0x00000000eab00000, 0x00000000eb400000, 0x0000000100000000)
  eden space 5632K, 100% used [0x00000000eab00000,0x00000000eb080000,0x00000000eb080000)
  from space 512K, 100% used [0x00000000eb380000,0x00000000eb400000,0x00000000eb400000)
  to   space 1024K, 30% used [0x00000000eb200000,0x00000000eb24d808,0x00000000eb300000)
 ParOldGen       total 404480K, used 404473K [0x00000000c0000000, 0x00000000d8b00000, 0x00000000eab00000)
  object space 404480K, 99% used [0x00000000c0000000,0x00000000d8afe778,0x00000000d8b00000)
 Metaspace       used 64851K, committed 66240K, reserved 1114112K
  class space    used 6887K, committed 7488K, reserved 1048576K
GC Heap History (20 events):
Event: 18.675 GC heap after
{Heap after GC invocations=304 (full 3):
 PSYoungGen      total 6656K, used 976K [0x00000000eab00000, 0x00000000eb600000, 0x0000000100000000)
  eden space 5632K, 0% used [0x00000000eab00000,0x00000000eab00000,0x00000000eb080000)
  from space 1024K, 95% used [0x00000000eb480000,0x00000000eb574048,0x00000000eb580000)
  to   space 512K, 0% used [0x00000000eb580000,0x00000000eb580000,0x00000000eb600000)
 ParOldGen       total 399360K, used 398954K [0x00000000c0000000, 0x00000000d8600000, 0x00000000eab00000)
  object space 399360K, 99% used [0x00000000c0000000,0x00000000d859aae8,0x00000000d8600000)
 Metaspace       used 64818K, committed 66240K, reserved 1114112K
  class space    used 6885K, committed 7488K, reserved 1048576K
}
Event: 18.686 GC heap before
{Heap before GC invocations=305 (full 3):
 PSYoungGen      total 6656K, used 6608K [0x00000000eab00000, 0x00000000eb600000, 0x0000000100000000)
  eden space 5632K, 100% used [0x00000000eab00000,0x00000000eb080000,0x00000000eb080000)
  from space 1024K, 95% used [0x00000000eb480000,0x00000000eb574048,0x00000000eb580000)
  to   space 512K, 0% used [0x00000000eb580000,0x00000000eb580000,0x00000000eb600000)
 ParOldGen       total 399360K, used 398954K [0x00000000c0000000, 0x00000000d8600000, 0x00000000eab00000)
  object space 399360K, 99% used [0x00000000c0000000,0x00000000d859aae8,0x00000000d8600000)
 Metaspace       used 64818K, committed 66240K, reserved 1114112K
  class space    used 6885K, committed 7488K, reserved 1048576K
}
Event: 18.687 GC heap after
{Heap after GC invocations=305 (full 3):
 PSYoungGen      total 6144K, used 512K [0x00000000eab00000, 0x00000000eb600000, 0x0000000100000000)
  eden space 5632K, 0% used [0x00000000eab00000,0x00000000eab00000,0x00000000eb080000)
  from space 512K, 100% used [0x00000000eb580000,0x00000000eb600000,0x00000000eb600000)
  to   space 1536K, 0% used [0x00000000eb300000,0x00000000eb300000,0x00000000eb480000)
 ParOldGen       total 400384K, used 399889K [0x00000000c0000000, 0x00000000d8700000, 0x00000000eab00000)
  object space 400384K, 99% used [0x00000000c0000000,0x00000000d86845f0,0x00000000d8700000)
 Metaspace       used 64818K, committed 66240K, reserved 1114112K
  class space    used 6885K, committed 7488K, reserved 1048576K
}
Event: 18.700 GC heap before
{Heap before GC invocations=306 (full 3):
 PSYoungGen      total 6144K, used 6144K [0x00000000eab00000, 0x00000000eb600000, 0x0000000100000000)
  eden space 5632K, 100% used [0x00000000eab00000,0x00000000eb080000,0x00000000eb080000)
  from space 512K, 100% used [0x00000000eb580000,0x00000000eb600000,0x00000000eb600000)
  to   space 1536K, 0% used [0x00000000eb300000,0x00000000eb300000,0x00000000eb480000)
 ParOldGen       total 400384K, used 399889K [0x00000000c0000000, 0x00000000d8700000, 0x00000000eab00000)
  object space 400384K, 99% used [0x00000000c0000000,0x00000000d86845f0,0x00000000d8700000)
 Metaspace       used 64818K, committed 66240K, reserved 1114112K
  class space    used 6885K, committed 7488K, reserved 1048576K
}
Event: 18.700 GC heap after
{Heap after GC invocations=306 (full 3):
 PSYoungGen      total 7168K, used 1016K [0x00000000eab00000, 0x00000000eb600000, 0x0000000100000000)
  eden space 5632K, 0% used [0x00000000eab00000,0x00000000eab00000,0x00000000eb080000)
  from space 1536K, 66% used [0x00000000eb300000,0x00000000eb3fe008,0x00000000eb480000)
  to   space 1536K, 0% used [0x00000000eb480000,0x00000000eb480000,0x00000000eb600000)
 ParOldGen       total 400384K, used 400377K [0x00000000c0000000, 0x00000000d8700000, 0x00000000eab00000)
  object space 400384K, 99% used [0x00000000c0000000,0x00000000d86fe5f0,0x00000000d8700000)
 Metaspace       used 64818K, committed 66240K, reserved 1114112K
  class space    used 6885K, committed 7488K, reserved 1048576K
}
Event: 18.762 GC heap before
{Heap before GC invocations=307 (full 3):
 PSYoungGen      total 7168K, used 6648K [0x00000000eab00000, 0x00000000eb600000, 0x0000000100000000)
  eden space 5632K, 100% used [0x00000000eab00000,0x00000000eb080000,0x00000000eb080000)
  from space 1536K, 66% used [0x00000000eb300000,0x00000000eb3fe008,0x00000000eb480000)
  to   space 1536K, 0% used [0x00000000eb480000,0x00000000eb480000,0x00000000eb600000)
 ParOldGen       total 400384K, used 400377K [0x00000000c0000000, 0x00000000d8700000, 0x00000000eab00000)
  object space 400384K, 99% used [0x00000000c0000000,0x00000000d86fe5f0,0x00000000d8700000)
 Metaspace       used 64826K, committed 66240K, reserved 1114112K
  class space    used 6887K, committed 7488K, reserved 1048576K
}
Event: 18.763 GC heap after
{Heap after GC invocations=307 (full 3):
 PSYoungGen      total 6144K, used 480K [0x00000000eab00000, 0x00000000eb500000, 0x0000000100000000)
  eden space 5632K, 0% used [0x00000000eab00000,0x00000000eab00000,0x00000000eb080000)
  from space 512K, 93% used [0x00000000eb480000,0x00000000eb4f8000,0x00000000eb500000)
  to   space 1024K, 0% used [0x00000000eb300000,0x00000000eb300000,0x00000000eb400000)
 ParOldGen       total 401408K, used 401289K [0x00000000c0000000, 0x00000000d8800000, 0x00000000eab00000)
  object space 401408K, 99% used [0x00000000c0000000,0x00000000d87e25f8,0x00000000d8800000)
 Metaspace       used 64826K, committed 66240K, reserved 1114112K
  class space    used 6887K, committed 7488K, reserved 1048576K
}
Event: 19.823 GC heap before
{Heap before GC invocations=308 (full 3):
 PSYoungGen      total 6144K, used 6112K [0x00000000eab00000, 0x00000000eb500000, 0x0000000100000000)
  eden space 5632K, 100% used [0x00000000eab00000,0x00000000eb080000,0x00000000eb080000)
  from space 512K, 93% used [0x00000000eb480000,0x00000000eb4f8000,0x00000000eb500000)
  to   space 1024K, 0% used [0x00000000eb300000,0x00000000eb300000,0x00000000eb400000)
 ParOldGen       total 401408K, used 401289K [0x00000000c0000000, 0x00000000d8800000, 0x00000000eab00000)
  object space 401408K, 99% used [0x00000000c0000000,0x00000000d87e25f8,0x00000000d8800000)
 Metaspace       used 64827K, committed 66240K, reserved 1114112K
  class space    used 6887K, committed 7488K, reserved 1048576K
}
Event: 19.824 GC heap after
{Heap after GC invocations=308 (full 3):
 PSYoungGen      total 6656K, used 827K [0x00000000eab00000, 0x00000000eb500000, 0x0000000100000000)
  eden space 5632K, 0% used [0x00000000eab00000,0x00000000eab00000,0x00000000eb080000)
  from space 1024K, 80% used [0x00000000eb300000,0x00000000eb3cec08,0x00000000eb400000)
  to   space 1024K, 0% used [0x00000000eb400000,0x00000000eb400000,0x00000000eb500000)
 ParOldGen       total 401920K, used 401449K [0x00000000c0000000, 0x00000000d8880000, 0x00000000eab00000)
  object space 401920K, 99% used [0x00000000c0000000,0x00000000d880a5f8,0x00000000d8880000)
 Metaspace       used 64827K, committed 66240K, reserved 1114112K
  class space    used 6887K, committed 7488K, reserved 1048576K
}
Event: 20.861 GC heap before
{Heap before GC invocations=309 (full 3):
 PSYoungGen      total 6656K, used 6459K [0x00000000eab00000, 0x00000000eb500000, 0x0000000100000000)
  eden space 5632K, 100% used [0x00000000eab00000,0x00000000eb080000,0x00000000eb080000)
  from space 1024K, 80% used [0x00000000eb300000,0x00000000eb3cec08,0x00000000eb400000)
  to   space 1024K, 0% used [0x00000000eb400000,0x00000000eb400000,0x00000000eb500000)
 ParOldGen       total 401920K, used 401449K [0x00000000c0000000, 0x00000000d8880000, 0x00000000eab00000)
  object space 401920K, 99% used [0x00000000c0000000,0x00000000d880a5f8,0x00000000d8880000)
 Metaspace       used 64828K, committed 66240K, reserved 1114112K
  class space    used 6887K, committed 7488K, reserved 1048576K
}
Event: 20.862 GC heap after
{Heap after GC invocations=309 (full 3):
 PSYoungGen      total 6656K, used 854K [0x00000000eab00000, 0x00000000eb500000, 0x0000000100000000)
  eden space 5632K, 0% used [0x00000000eab00000,0x00000000eab00000,0x00000000eb080000)
  from space 1024K, 83% used [0x00000000eb400000,0x00000000eb4d5808,0x00000000eb500000)
  to   space 1024K, 0% used [0x00000000eb300000,0x00000000eb300000,0x00000000eb400000)
 ParOldGen       total 402432K, used 402086K [0x00000000c0000000, 0x00000000d8900000, 0x00000000eab00000)
  object space 402432K, 99% used [0x00000000c0000000,0x00000000d88a9b30,0x00000000d8900000)
 Metaspace       used 64828K, committed 66240K, reserved 1114112K
  class space    used 6887K, committed 7488K, reserved 1048576K
}
Event: 20.898 GC heap before
{Heap before GC invocations=310 (full 3):
 PSYoungGen      total 6656K, used 6486K [0x00000000eab00000, 0x00000000eb500000, 0x0000000100000000)
  eden space 5632K, 100% used [0x00000000eab00000,0x00000000eb080000,0x00000000eb080000)
  from space 1024K, 83% used [0x00000000eb400000,0x00000000eb4d5808,0x00000000eb500000)
  to   space 1024K, 0% used [0x00000000eb300000,0x00000000eb300000,0x00000000eb400000)
 ParOldGen       total 402432K, used 402086K [0x00000000c0000000, 0x00000000d8900000, 0x00000000eab00000)
  object space 402432K, 99% used [0x00000000c0000000,0x00000000d88a9b30,0x00000000d8900000)
 Metaspace       used 64828K, committed 66240K, reserved 1114112K
  class space    used 6887K, committed 7488K, reserved 1048576K
}
Event: 20.899 GC heap after
{Heap after GC invocations=310 (full 3):
 PSYoungGen      total 6656K, used 778K [0x00000000eab00000, 0x00000000eb480000, 0x0000000100000000)
  eden space 5632K, 0% used [0x00000000eab00000,0x00000000eab00000,0x00000000eb080000)
  from space 1024K, 76% used [0x00000000eb300000,0x00000000eb3c2a58,0x00000000eb400000)
  to   space 512K, 0% used [0x00000000eb400000,0x00000000eb400000,0x00000000eb480000)
 ParOldGen       total 402944K, used 402828K [0x00000000c0000000, 0x00000000d8980000, 0x00000000eab00000)
  object space 402944K, 99% used [0x00000000c0000000,0x00000000d8963338,0x00000000d8980000)
 Metaspace       used 64828K, committed 66240K, reserved 1114112K
  class space    used 6887K, committed 7488K, reserved 1048576K
}
Event: 20.931 GC heap before
{Heap before GC invocations=311 (full 3):
 PSYoungGen      total 6656K, used 6410K [0x00000000eab00000, 0x00000000eb480000, 0x0000000100000000)
  eden space 5632K, 100% used [0x00000000eab00000,0x00000000eb080000,0x00000000eb080000)
  from space 1024K, 76% used [0x00000000eb300000,0x00000000eb3c2a58,0x00000000eb400000)
  to   space 512K, 0% used [0x00000000eb400000,0x00000000eb400000,0x00000000eb480000)
 ParOldGen       total 402944K, used 402828K [0x00000000c0000000, 0x00000000d8980000, 0x00000000eab00000)
  object space 402944K, 99% used [0x00000000c0000000,0x00000000d8963338,0x00000000d8980000)
 Metaspace       used 64835K, committed 66240K, reserved 1114112K
  class space    used 6887K, committed 7488K, reserved 1048576K
}
Event: 20.932 GC heap after
{Heap after GC invocations=311 (full 3):
 PSYoungGen      total 6144K, used 512K [0x00000000eab00000, 0x00000000eb480000, 0x0000000100000000)
  eden space 5632K, 0% used [0x00000000eab00000,0x00000000eab00000,0x00000000eb080000)
  from space 512K, 100% used [0x00000000eb400000,0x00000000eb480000,0x00000000eb480000)
  to   space 1536K, 0% used [0x00000000eb180000,0x00000000eb180000,0x00000000eb300000)
 ParOldGen       total 403968K, used 403534K [0x00000000c0000000, 0x00000000d8a80000, 0x00000000eab00000)
  object space 403968K, 99% used [0x00000000c0000000,0x00000000d8a13b00,0x00000000d8a80000)
 Metaspace       used 64835K, committed 66240K, reserved 1114112K
  class space    used 6887K, committed 7488K, reserved 1048576K
}
Event: 20.950 GC heap before
{Heap before GC invocations=312 (full 3):
 PSYoungGen      total 6144K, used 6144K [0x00000000eab00000, 0x00000000eb480000, 0x0000000100000000)
  eden space 5632K, 100% used [0x00000000eab00000,0x00000000eb080000,0x00000000eb080000)
  from space 512K, 100% used [0x00000000eb400000,0x00000000eb480000,0x00000000eb480000)
  to   space 1536K, 0% used [0x00000000eb180000,0x00000000eb180000,0x00000000eb300000)
 ParOldGen       total 403968K, used 403534K [0x00000000c0000000, 0x00000000d8a80000, 0x00000000eab00000)
  object space 403968K, 99% used [0x00000000c0000000,0x00000000d8a13b00,0x00000000d8a80000)
 Metaspace       used 64851K, committed 66240K, reserved 1114112K
  class space    used 6887K, committed 7488K, reserved 1048576K
}
Event: 20.951 GC heap after
{Heap after GC invocations=312 (full 3):
 PSYoungGen      total 7168K, used 576K [0x00000000eab00000, 0x00000000eb480000, 0x0000000100000000)
  eden space 5632K, 0% used [0x00000000eab00000,0x00000000eab00000,0x00000000eb080000)
  from space 1536K, 37% used [0x00000000eb180000,0x00000000eb210000,0x00000000eb300000)
  to   space 1024K, 0% used [0x00000000eb380000,0x00000000eb380000,0x00000000eb480000)
 ParOldGen       total 404480K, used 403974K [0x00000000c0000000, 0x00000000d8b00000, 0x00000000eab00000)
  object space 404480K, 99% used [0x00000000c0000000,0x00000000d8a81b70,0x00000000d8b00000)
 Metaspace       used 64851K, committed 66240K, reserved 1114112K
  class space    used 6887K, committed 7488K, reserved 1048576K
}
Event: 20.968 GC heap before
{Heap before GC invocations=313 (full 3):
 PSYoungGen      total 7168K, used 6208K [0x00000000eab00000, 0x00000000eb480000, 0x0000000100000000)
  eden space 5632K, 100% used [0x00000000eab00000,0x00000000eb080000,0x00000000eb080000)
  from space 1536K, 37% used [0x00000000eb180000,0x00000000eb210000,0x00000000eb300000)
  to   space 1024K, 0% used [0x00000000eb380000,0x00000000eb380000,0x00000000eb480000)
 ParOldGen       total 404480K, used 403974K [0x00000000c0000000, 0x00000000d8b00000, 0x00000000eab00000)
  object space 404480K, 99% used [0x00000000c0000000,0x00000000d8a81b70,0x00000000d8b00000)
 Metaspace       used 64851K, committed 66240K, reserved 1114112K
  class space    used 6887K, committed 7488K, reserved 1048576K
}
Event: 20.969 GC heap after
{Heap after GC invocations=313 (full 3):
 PSYoungGen      total 6144K, used 512K [0x00000000eab00000, 0x00000000eb400000, 0x0000000100000000)
  eden space 5632K, 0% used [0x00000000eab00000,0x00000000eab00000,0x00000000eb080000)
  from space 512K, 100% used [0x00000000eb380000,0x00000000eb400000,0x00000000eb400000)
  to   space 1024K, 0% used [0x00000000eb200000,0x00000000eb200000,0x00000000eb300000)
 ParOldGen       total 404480K, used 404465K [0x00000000c0000000, 0x00000000d8b00000, 0x00000000eab00000)
  object space 404480K, 99% used [0x00000000c0000000,0x00000000d8afc778,0x00000000d8b00000)
 Metaspace       used 64851K, committed 66240K, reserved 1114112K
  class space    used 6887K, committed 7488K, reserved 1048576K
}
Event: 20.985 GC heap before
{Heap before GC invocations=314 (full 3):
 PSYoungGen      total 6144K, used 6144K [0x00000000eab00000, 0x00000000eb400000, 0x0000000100000000)
  eden space 5632K, 100% used [0x00000000eab00000,0x00000000eb080000,0x00000000eb080000)
  from space 512K, 100% used [0x00000000eb380000,0x00000000eb400000,0x00000000eb400000)
  to   space 1024K, 0% used [0x00000000eb200000,0x00000000eb200000,0x00000000eb300000)
 ParOldGen       total 404480K, used 404465K [0x00000000c0000000, 0x00000000d8b00000, 0x00000000eab00000)
  object space 404480K, 99% used [0x00000000c0000000,0x00000000d8afc778,0x00000000d8b00000)
 Metaspace       used 64851K, committed 66240K, reserved 1114112K
  class space    used 6887K, committed 7488K, reserved 1048576K
}

