<?xml version="1.0" encoding="UTF-8"?>
<testsuite xmlns:xsi="http://www.w3.org/2001/XMLSchema-instance" xsi:noNamespaceSchemaLocation="https://maven.apache.org/surefire/maven-surefire-plugin/xsd/surefire-test-report-3.0.xsd" version="3.0" name="cucumberOptions.TestRunner" time="0.578" tests="1" errors="0" skipped="0" failures="0">
  <properties>
[...]
</properties>
  <testcase name="Validate the addPlace workflow using AddPlaceAPI" classname="API Validations" time="0.119">
    <system-out><![CDATA[
Scenario: Validate the addPlace workflow using AddPlaceAPI # src/test/java/features/apiValidations.feature:3
  Given I have a addPlace payload                          # stepDefinitions.apiValidationStepsDefs.i_have_a_add_place_payload()
  When I call the "AddPlaceAPI" with POST http request     # stepDefinitions.apiValidationStepsDefs.i_call_the_add_place_api_with_post_http_request()
  Then I check the "scope" should be "APP"                 # stepDefinitions.apiValidationStepsDefs.i_check_the_scope_should_be_app()
  And I check the "status" should be "OK"                  # stepDefinitions.apiValidationStepsDefs.i_check_the_status_should_be_ok()
]]></system-out>
  </testcase>
</testsuite>